<?xml version="1.0" encoding="UTF-8"?>
<!-- Generated by org.testng.reporters.JUnitReportReporter -->
<testsuite hostname="Ranjots-MBP" failures="0" tests="4" name="com.qa.opencart.tests.LoginPagetest" time="5.856" errors="0" timestamp="2024-02-03T19:50:13 EST" skipped="0">
  <testcase classname="com.qa.opencart.tests.LoginPagetest" name="loginPageTitleTest" time="0.094"/>
  <testcase classname="com.qa.opencart.tests.LoginPagetest" name="loginPageURLTest" time="0.017"/>
  <testcase classname="com.qa.opencart.tests.LoginPagetest" name="loginPageForgotPwdLinkTest" time="0.804"/>
  <testcase classname="com.qa.opencart.tests.LoginPagetest" name="loginPageLoginTest" time="4.941"/>
</testsuite> <!-- com.qa.opencart.tests.LoginPagetest -->
